<?xml version="1.0" encoding="UTF-8"?>
<!-- Generated by org.testng.reporters.JUnitReportReporter -->
<testsuite hostname="PicaGM" failures="0" tests="4" name="com.crowdar.bdd.cukes.TestNGSecuencialRunner" time="24.482" errors="0" timestamp="04 oct. 2023 18:14:21 GMT" skipped="0">
  <testcase classname="com.crowdar.bdd.cukes.TestNGSecuencialRunner" name="runScenario" time="6.331"/>
  <testcase classname="com.crowdar.bdd.cukes.TestNGSecuencialRunner" name="runScenario" time="4.630"/>
  <testcase classname="com.crowdar.bdd.cukes.TestNGSecuencialRunner" name="runScenario" time="6.593"/>
  <testcase classname="com.crowdar.bdd.cukes.TestNGSecuencialRunner" name="runScenario" time="6.928"/>
</testsuite> <!-- com.crowdar.bdd.cukes.TestNGSecuencialRunner -->
